#
# There is insufficient memory for the Java Runtime Environment to continue.
# Native memory allocation (malloc) failed to allocate 1076656 bytes for Chunk::new
# Possible reasons:
#   The system is out of physical RAM or swap space
#   The process is running with CompressedOops enabled, and the Java Heap may be blocking the growth of the native heap
# Possible solutions:
#   Reduce memory load on the system
#   Increase physical memory or swap space
#   Check if swap backing store is full
#   Decrease Java heap size (-Xmx/-Xms)
#   Decrease number of Java threads
#   Decrease Java thread stack sizes (-Xss)
#   Set larger code cache with -XX:ReservedCodeCacheSize=
#   JVM is running with Unscaled Compressed Oops mode in which the Java heap is
#     placed in the first 4GB address space. The Java Heap base address is the
#     maximum limit for the native heap growth. Please use -XX:HeapBaseMinAddress
#     to set the Java Heap base and to place the Java Heap above 4GB virtual address.
# This output file may be truncated or incomplete.
#
#  Out of Memory Error (allocation.cpp:389), pid=6192, tid=0x0000000000002470
#
# JRE version: Java(TM) SE Runtime Environment (8.0_211-b12) (build 1.8.0_211-b12)
# Java VM: Java HotSpot(TM) 64-Bit Server VM (25.211-b12 mixed mode windows-amd64 compressed oops)
# Failed to write core dump. Minidumps are not enabled by default on client versions of Windows
#

---------------  T H R E A D  ---------------

Current thread (0x0000000012ee4800):  JavaThread "C2 CompilerThread1" daemon [_thread_in_native, id=9328, stack(0x0000000014630000,0x0000000014730000)]

Stack: [0x0000000014630000,0x0000000014730000]
[error occurred during error reporting (printing stack bounds), id 0xc0000005]

Native frames: (J=compiled Java code, j=interpreted, Vv=VM code, C=native code)


Current CompileTask:
C2:   3301  882       4       java.io.WinNTFileSystem::normalize (143 bytes)


---------------  P R O C E S S  ---------------

Java Threads: ( => current thread )
  0x00000000155fb000 JavaThread "pool-1-thread-1" [_thread_blocked, id=5416, stack(0x0000000016600000,0x0000000016700000)]
  0x0000000012f3e000 JavaThread "Service Thread" daemon [_thread_blocked, id=9380, stack(0x0000000014c30000,0x0000000014d30000)]
  0x0000000012f23800 JavaThread "C1 CompilerThread2" daemon [_thread_blocked, id=6244, stack(0x0000000014730000,0x0000000014830000)]
=>0x0000000012ee4800 JavaThread "C2 CompilerThread1" daemon [_thread_in_native, id=9328, stack(0x0000000014630000,0x0000000014730000)]
  0x0000000012ee1800 JavaThread "C2 CompilerThread0" daemon [_thread_blocked, id=9412, stack(0x0000000014530000,0x0000000014630000)]
  0x0000000012ee0000 JavaThread "Attach Listener" daemon [_thread_blocked, id=6452, stack(0x0000000014430000,0x0000000014530000)]
  0x0000000012eeb800 JavaThread "Signal Dispatcher" daemon [_thread_blocked, id=12432, stack(0x0000000014330000,0x0000000014430000)]
  0x0000000002b7e000 JavaThread "Finalizer" daemon [_thread_blocked, id=5900, stack(0x0000000014130000,0x0000000014230000)]
  0x0000000012eca800 JavaThread "Reference Handler" daemon [_thread_blocked, id=6372, stack(0x0000000014030000,0x0000000014130000)]
  0x0000000002a82800 JavaThread "main" [_thread_in_Java, id=6448, stack(0x0000000002950000,0x0000000002a50000)]

Other Threads:
  0x0000000012ea8000 VMThread [stack: 0x0000000013f30000,0x0000000014030000] [id=9420]
  0x0000000014862000 WatcherThread [stack: 0x0000000014d30000,0x0000000014e30000] [id=5544]

VM state:not at safepoint (normal execution)

VM Mutex/Monitor currently owned by a thread: None

heap address: 0x00000000fc000000, size: 64 MB, Compressed Oops mode: 32-bit
Narrow klass base: 0x0000000000000000, Narrow klass shift: 3
Compressed class space size: 1073741824 Address: 0x0000000100000000

Heap:
 PSYoungGen      total 18944K, used 18056K [0x00000000feb00000, 0x0000000100000000, 0x0000000100000000)
  eden space 16384K, 94% used [0x00000000feb00000,0x00000000ffa26180,0x00000000ffb00000)
  from space 2560K, 99% used [0x00000000ffd80000,0x00000000ffffc030,0x0000000100000000)
  to   space 2560K, 0% used [0x00000000ffb00000,0x00000000ffb00000,0x00000000ffd80000)
 ParOldGen       total 44032K, used 1423K [0x00000000fc000000, 0x00000000feb00000, 0x00000000feb00000)
  object space 44032K, 3% used [0x00000000fc000000,0x00000000fc163e10,0x00000000feb00000)
 Metaspace       used 11218K, capacity 11502K, committed 11648K, reserved 1058816K
  class space    used 1496K, capacity 1601K, committed 1664K, reserved 1048576K

Card table byte_map: [0x0000000001060000,0x0000000001090000] byte_map_base: 0x0000000000880000

Marking Bits: (ParMarkBitMap*) 0x000000005b075ce0
 Begin Bits: [0x0000000012340000, 0x0000000012440000)
 End Bits:   [0x0000000012440000, 0x0000000012540000)

Polling page: 0x0000000001030000

CodeCache: size=245760Kb used=3709Kb max_used=3720Kb free=242050Kb
 bounds [0x0000000002b80000, 0x0000000002f30000, 0x0000000011b80000]
 total_blobs=1392 nmethods=1027 adapters=278
 compilation: enabled

Compilation events (10 events):
Event: 3.250 Thread 0x0000000012f23800 1007       3       java.nio.charset.CharsetDecoder::<init> (108 bytes)
Event: 3.250 Thread 0x0000000012f23800 nmethod 1007 0x0000000002f12c90 code [0x0000000002f12e60, 0x0000000002f13548]
Event: 3.250 Thread 0x0000000012f23800 1009       3       java.util.WeakHashMap::<init> (133 bytes)
Event: 3.251 Thread 0x0000000012f23800 nmethod 1009 0x0000000002f1ae10 code [0x0000000002f1b100, 0x0000000002f1c848]
Event: 3.251 Thread 0x0000000012f23800 1008       3       java.util.WeakHashMap::<init> (9 bytes)
Event: 3.251 Thread 0x0000000012f23800 nmethod 1008 0x0000000002f0c2d0 code [0x0000000002f0c460, 0x0000000002f0c608]
Event: 3.251 Thread 0x0000000012f23800 1010       3       java.nio.charset.CharsetEncoder::<init> (16 bytes)
Event: 3.251 Thread 0x0000000012f23800 nmethod 1010 0x0000000002f0be50 code [0x0000000002f0bfc0, 0x0000000002f0c1e8]
Event: 3.252 Thread 0x0000000012f23800 1011       1       org.gradle.internal.classpath.DefaultClassPath$ImmutableUniqueList::size (5 bytes)
Event: 3.252 Thread 0x0000000012f23800 nmethod 1011 0x0000000002f129d0 code [0x0000000002f12b20, 0x0000000002f12c30]

GC Heap History (4 events):
Event: 0.687 GC heap before
{Heap before GC invocations=1 (full 0):
 PSYoungGen      total 18944K, used 16384K [0x00000000feb00000, 0x0000000100000000, 0x0000000100000000)
  eden space 16384K, 100% used [0x00000000feb00000,0x00000000ffb00000,0x00000000ffb00000)
  from space 2560K, 0% used [0x00000000ffd80000,0x00000000ffd80000,0x0000000100000000)
  to   space 2560K, 0% used [0x00000000ffb00000,0x00000000ffb00000,0x00000000ffd80000)
 ParOldGen       total 44032K, used 0K [0x00000000fc000000, 0x00000000feb00000, 0x00000000feb00000)
  object space 44032K, 0% used [0x00000000fc000000,0x00000000fc000000,0x00000000feb00000)
 Metaspace       used 6276K, capacity 6494K, committed 6784K, reserved 1056768K
  class space    used 759K, capacity 845K, committed 896K, reserved 1048576K
Event: 0.690 GC heap after
Heap after GC invocations=1 (full 0):
 PSYoungGen      total 18944K, used 2533K [0x00000000feb00000, 0x0000000100000000, 0x0000000100000000)
  eden space 16384K, 0% used [0x00000000feb00000,0x00000000feb00000,0x00000000ffb00000)
  from space 2560K, 98% used [0x00000000ffb00000,0x00000000ffd796c8,0x00000000ffd80000)
  to   space 2560K, 0% used [0x00000000ffd80000,0x00000000ffd80000,0x0000000100000000)
 ParOldGen       total 44032K, used 75K [0x00000000fc000000, 0x00000000feb00000, 0x00000000feb00000)
  object space 44032K, 0% used [0x00000000fc000000,0x00000000fc012de8,0x00000000feb00000)
 Metaspace       used 6276K, capacity 6494K, committed 6784K, reserved 1056768K
  class space    used 759K, capacity 845K, committed 896K, reserved 1048576K
}
Event: 0.964 GC heap before
{Heap before GC invocations=2 (full 0):
 PSYoungGen      total 18944K, used 18917K [0x00000000feb00000, 0x0000000100000000, 0x0000000100000000)
  eden space 16384K, 100% used [0x00000000feb00000,0x00000000ffb00000,0x00000000ffb00000)
  from space 2560K, 98% used [0x00000000ffb00000,0x00000000ffd796c8,0x00000000ffd80000)
  to   space 2560K, 0% used [0x00000000ffd80000,0x00000000ffd80000,0x0000000100000000)
 ParOldGen       total 44032K, used 75K [0x00000000fc000000, 0x00000000feb00000, 0x00000000feb00000)
  object space 44032K, 0% used [0x00000000fc000000,0x00000000fc012de8,0x00000000feb00000)
 Metaspace       used 8614K, capacity 8838K, committed 8960K, reserved 1056768K
  class space    used 1156K, capacity 1247K, committed 1280K, reserved 1048576K
Event: 0.968 GC heap after
Heap after GC invocations=2 (full 0):
 PSYoungGen      total 18944K, used 2544K [0x00000000feb00000, 0x0000000100000000, 0x0000000100000000)
  eden space 16384K, 0% used [0x00000000feb00000,0x00000000feb00000,0x00000000ffb00000)
  from space 2560K, 99% used [0x00000000ffd80000,0x00000000ffffc030,0x0000000100000000)
  to   space 2560K, 0% used [0x00000000ffb00000,0x00000000ffb00000,0x00000000ffd80000)
 ParOldGen       total 44032K, used 1423K [0x00000000fc000000, 0x00000000feb00000, 0x00000000feb00000)
  object space 44032K, 3% used [0x00000000fc000000,0x00000000fc163e10,0x00000000feb00000)
 Metaspace       used 8614K, capacity 8838K, committed 8960K, reserved 1056768K
  class space    used 1156K, capacity 1247K, committed 1280K, reserved 1048576K
}

Deoptimization events (8 events):
Event: 0.531 Thread 0x0000000002a82800 Uncommon trap: reason=unstable_if action=reinterpret pc=0x0000000002d45778 method=java.lang.String.startsWith(Ljava/lang/String;I)Z @ 25
Event: 0.750 Thread 0x0000000002a82800 Uncommon trap: reason=unstable_if action=reinterpret pc=0x0000000002d59b40 method=java.util.regex.Matcher.reset()Ljava/util/regex/Matcher; @ 47
Event: 0.750 Thread 0x0000000002a82800 Uncommon trap: reason=class_check action=maybe_recompile pc=0x0000000002d73aa0 method=java.util.regex.Matcher.match(II)Z @ 86
Event: 0.750 Thread 0x0000000002a82800 Uncommon trap: reason=class_check action=maybe_recompile pc=0x0000000002d73aa0 method=java.util.regex.Matcher.match(II)Z @ 86
Event: 0.751 Thread 0x0000000002a82800 Uncommon trap: reason=class_check action=maybe_recompile pc=0x0000000002d73aa0 method=java.util.regex.Matcher.match(II)Z @ 86
Event: 0.751 Thread 0x0000000002a82800 Uncommon trap: reason=class_check action=maybe_recompile pc=0x0000000002d73aa0 method=java.util.regex.Matcher.match(II)Z @ 86
Event: 1.043 Thread 0x0000000002a82800 Uncommon trap: reason=unstable_if action=reinterpret pc=0x0000000002e1d0f8 method=java.util.HashMap.getNode(ILjava/lang/Object;)Ljava/util/HashMap$Node; @ 129
Event: 1.043 Thread 0x0000000002a82800 Uncommon trap: reason=bimorphic action=maybe_recompile pc=0x0000000002dd6c28 method=java.util.HashMap.putVal(ILjava/lang/Object;Ljava/lang/Object;ZZ)Ljava/lang/Object; @ 203

Classes redefined (0 events):
No events

Internal exceptions (10 events):
Event: 0.905 Thread 0x0000000002a82800 Exception <a 'java/lang/NoSuchMethodError': java.lang.Object.lambda$static$0(Lorg/gradle/internal/state/ModelObject;)Ljava/lang/String;> (0x00000000ff740088) thrown at [C:\re\workspace\8-2-build-windows-amd64-cygwin\jdk8u211\12973\hotspot\src\share\vm\int
Event: 0.979 Thread 0x0000000002a82800 Exception <a 'java/lang/ArrayIndexOutOfBoundsException'> (0x00000000febd9a20) thrown at [C:\re\workspace\8-2-build-windows-amd64-cygwin\jdk8u211\12973\hotspot\src\share\vm\runtime\sharedRuntime.cpp, line 605]
Event: 0.979 Thread 0x0000000002a82800 Exception <a 'java/lang/ArrayIndexOutOfBoundsException'> (0x00000000febdde58) thrown at [C:\re\workspace\8-2-build-windows-amd64-cygwin\jdk8u211\12973\hotspot\src\share\vm\runtime\sharedRuntime.cpp, line 605]
Event: 0.986 Thread 0x0000000002a82800 Exception <a 'java/lang/ArrayIndexOutOfBoundsException'> (0x00000000fed1b9e8) thrown at [C:\re\workspace\8-2-build-windows-amd64-cygwin\jdk8u211\12973\hotspot\src\share\vm\runtime\sharedRuntime.cpp, line 605]
Event: 0.987 Thread 0x0000000002a82800 Exception <a 'java/lang/ArrayIndexOutOfBoundsException'> (0x00000000fed1cc38) thrown at [C:\re\workspace\8-2-build-windows-amd64-cygwin\jdk8u211\12973\hotspot\src\share\vm\runtime\sharedRuntime.cpp, line 605]
Event: 0.987 Thread 0x0000000002a82800 Exception <a 'java/lang/ArrayIndexOutOfBoundsException'> (0x00000000fed1e4e0) thrown at [C:\re\workspace\8-2-build-windows-amd64-cygwin\jdk8u211\12973\hotspot\src\share\vm\runtime\sharedRuntime.cpp, line 605]
Event: 0.987 Thread 0x0000000002a82800 Exception <a 'java/lang/ArrayIndexOutOfBoundsException'> (0x00000000fed20218) thrown at [C:\re\workspace\8-2-build-windows-amd64-cygwin\jdk8u211\12973\hotspot\src\share\vm\runtime\sharedRuntime.cpp, line 605]
Event: 0.987 Thread 0x0000000002a82800 Exception <a 'java/lang/ArrayIndexOutOfBoundsException'> (0x00000000fed23b78) thrown at [C:\re\workspace\8-2-build-windows-amd64-cygwin\jdk8u211\12973\hotspot\src\share\vm\runtime\sharedRuntime.cpp, line 605]
Event: 0.987 Thread 0x0000000002a82800 Exception <a 'java/lang/ArrayIndexOutOfBoundsException'> (0x00000000fed26cd0) thrown at [C:\re\workspace\8-2-build-windows-amd64-cygwin\jdk8u211\12973\hotspot\src\share\vm\runtime\sharedRuntime.cpp, line 605]
Event: 0.987 Thread 0x0000000002a82800 Exception <a 'java/lang/ArrayIndexOutOfBoundsException'> (0x00000000fed28248) thrown at [C:\re\workspace\8-2-build-windows-amd64-cygwin\jdk8u211\12973\hotspot\src\share\vm\runtime\sharedRuntime.cpp, line 605]

Events (10 events):
Event: 3.233 Thread 0x0000000002a82800 DEOPT PACKING pc=0x0000000002d7da31 sp=0x0000000002a4d300
Event: 3.233 Thread 0x0000000002a82800 DEOPT UNPACKING pc=0x0000000002bc7890 sp=0x0000000002a4d048 mode 0
Event: 3.234 Thread 0x0000000002a82800 DEOPT PACKING pc=0x0000000002d7da31 sp=0x0000000002a4d300
Event: 3.234 Thread 0x0000000002a82800 DEOPT UNPACKING pc=0x0000000002bc7890 sp=0x0000000002a4d048 mode 0
Event: 3.235 Thread 0x0000000002a82800 DEOPT PACKING pc=0x0000000002d7da31 sp=0x0000000002a4d300
Event: 3.235 Thread 0x0000000002a82800 DEOPT UNPACKING pc=0x0000000002bc7890 sp=0x0000000002a4d048 mode 0
Event: 3.235 Thread 0x0000000002a82800 DEOPT PACKING pc=0x0000000002d7da31 sp=0x0000000002a4d300
Event: 3.235 Thread 0x0000000002a82800 DEOPT UNPACKING pc=0x0000000002bc7890 sp=0x0000000002a4d048 mode 0
Event: 3.236 Thread 0x0000000002a82800 DEOPT PACKING pc=0x0000000002d7da31 sp=0x0000000002a4d300
Event: 3.236 Thread 0x0000000002a82800 DEOPT UNPACKING pc=0x0000000002bc7890 sp=0x0000000002a4d048 mode 0


Dynamic libraries:
0x00007ff6d95c0000 - 0x00007ff6d95f7000 	C:\Program Files\Java\jdk1.8.0_211\bin\java.exe
0x00007ffea7b00000 - 0x00007ffea7cf0000 	C:\Windows\SYSTEM32\ntdll.dll
0x00007ffea71d0000 - 0x00007ffea7282000 	C:\Windows\System32\KERNEL32.DLL
0x00007ffea5340000 - 0x00007ffea55e5000 	C:\Windows\System32\KERNELBASE.dll
0x00007ffea5bb0000 - 0x00007ffea5c53000 	C:\Windows\System32\ADVAPI32.dll
0x00007ffea5e90000 - 0x00007ffea5f2e000 	C:\Windows\System32\msvcrt.dll
0x00007ffea6640000 - 0x00007ffea66d7000 	C:\Windows\System32\sechost.dll
0x00007ffea5cc0000 - 0x00007ffea5ddf000 	C:\Windows\System32\RPCRT4.dll
0x00007ffea78c0000 - 0x00007ffea7a54000 	C:\Windows\System32\USER32.dll
0x00007ffea58d0000 - 0x00007ffea58f1000 	C:\Windows\System32\win32u.dll
0x00007ffea6b40000 - 0x00007ffea6b66000 	C:\Windows\System32\GDI32.dll
0x00007ffea56a0000 - 0x00007ffea5838000 	C:\Windows\System32\gdi32full.dll
0x00007ffea4a70000 - 0x00007ffea4b0e000 	C:\Windows\System32\msvcp_win.dll
0x00007ffea5900000 - 0x00007ffea59fa000 	C:\Windows\System32\ucrtbase.dll
0x00007ffe91270000 - 0x00007ffe914f4000 	C:\Windows\WinSxS\amd64_microsoft.windows.common-controls_6595b64144ccf1df_6.0.18362.1440_none_9e7dbfb9e45e8e67\COMCTL32.dll
0x00007ffea6e90000 - 0x00007ffea71c6000 	C:\Windows\System32\combase.dll
0x00007ffea5840000 - 0x00007ffea58c1000 	C:\Windows\System32\bcryptPrimitives.dll
0x00007ffea6bf0000 - 0x00007ffea6c1e000 	C:\Windows\System32\IMM32.DLL
0x000000005b100000 - 0x000000005b1d2000 	C:\Program Files\Java\jdk1.8.0_211\jre\bin\msvcr100.dll
0x000000005a850000 - 0x000000005b0f5000 	C:\Program Files\Java\jdk1.8.0_211\jre\bin\server\jvm.dll
0x00007ffea7440000 - 0x00007ffea7448000 	C:\Windows\System32\PSAPI.DLL
0x00007ffe91950000 - 0x00007ffe91959000 	C:\Windows\SYSTEM32\WSOCK32.dll
0x00007ffea28a0000 - 0x00007ffea28c4000 	C:\Windows\SYSTEM32\WINMM.dll
0x00007ffea2ca0000 - 0x00007ffea2caa000 	C:\Windows\SYSTEM32\VERSION.dll
0x00007ffea2870000 - 0x00007ffea289d000 	C:\Windows\SYSTEM32\WINMMBASE.dll
0x00007ffea66e0000 - 0x00007ffea674f000 	C:\Windows\System32\WS2_32.dll
0x00007ffea5650000 - 0x00007ffea569a000 	C:\Windows\System32\cfgmgr32.dll
0x00007ffe7e150000 - 0x00007ffe7e15f000 	C:\Program Files\Java\jdk1.8.0_211\jre\bin\verify.dll
0x00007ffe73380000 - 0x00007ffe733a9000 	C:\Program Files\Java\jdk1.8.0_211\jre\bin\java.dll
0x00007ffe73620000 - 0x00007ffe73636000 	C:\Program Files\Java\jdk1.8.0_211\jre\bin\zip.dll
0x00007ffea5f50000 - 0x00007ffea6638000 	C:\Windows\System32\SHELL32.dll
0x00007ffea6de0000 - 0x00007ffea6e87000 	C:\Windows\System32\shcore.dll
0x00007ffea4bc0000 - 0x00007ffea533b000 	C:\Windows\System32\windows.storage.dll
0x00007ffea49e0000 - 0x00007ffea49fe000 	C:\Windows\System32\profapi.dll
0x00007ffea4a00000 - 0x00007ffea4a4a000 	C:\Windows\System32\powrprof.dll
0x00007ffea49b0000 - 0x00007ffea49c0000 	C:\Windows\System32\UMPDC.dll
0x00007ffea6d80000 - 0x00007ffea6dd2000 	C:\Windows\System32\shlwapi.dll
0x00007ffea49c0000 - 0x00007ffea49d1000 	C:\Windows\System32\kernel.appcore.dll
0x00007ffea5b60000 - 0x00007ffea5b77000 	C:\Windows\System32\cryptsp.dll
0x00007ffe5db20000 - 0x00007ffe5db3a000 	C:\Program Files\Java\jdk1.8.0_211\jre\bin\net.dll
0x00007ffe8deb0000 - 0x00007ffe8e087000 	C:\Windows\SYSTEM32\urlmon.dll
0x00007ffe8d000000 - 0x00007ffe8d2a7000 	C:\Windows\SYSTEM32\iertutil.dll
0x00007ffea43c0000 - 0x00007ffea43cc000 	C:\Windows\SYSTEM32\CRYPTBASE.DLL
0x00007ffea41f0000 - 0x00007ffea4257000 	C:\Windows\system32\mswsock.dll
0x00007ffe5b5a0000 - 0x00007ffe5b5b2000 	C:\Program Files\Java\jdk1.8.0_211\jre\bin\nio.dll
0x00007ffe4cb90000 - 0x00007ffe4cbb6000 	C:\Users\vuong\.gradle\native\fdc75f09e3144964f2cf3f50f0aa648679c211496f362492102eb8c894070792\windows-amd64\native-platform.dll
0x00007ffe4c640000 - 0x00007ffe4c7d1000 	C:\Users\vuong\.gradle\native\12488b8bf47d2d4c9fbf2f6322a914ad602e24e48041cd04a747c6da556b65c4\windows-amd64\native-platform-file-events.dll
0x00007ffe9f210000 - 0x00007ffe9f21a000 	C:\Users\vuong\.gradle\native\jansi\1.18\windows64\jansi.dll
0x00007ffe76c20000 - 0x00007ffe76c2d000 	C:\Program Files\Java\jdk1.8.0_211\jre\bin\management.dll
0x00007ffea3d70000 - 0x00007ffea3da3000 	C:\Windows\system32\rsaenh.dll
0x00007ffea5b80000 - 0x00007ffea5ba6000 	C:\Windows\System32\bcrypt.dll
0x00007ffea48d0000 - 0x00007ffea48f5000 	C:\Windows\SYSTEM32\USERENV.dll
0x00007ffea3f00000 - 0x00007ffea3f3a000 	C:\Windows\SYSTEM32\IPHLPAPI.DLL
0x00007ffea6c90000 - 0x00007ffea6c98000 	C:\Windows\System32\NSI.dll
0x00007ffe9ac50000 - 0x00007ffe9ac66000 	C:\Windows\SYSTEM32\dhcpcsvc6.DLL
0x00007ffe9ac30000 - 0x00007ffe9ac4c000 	C:\Windows\SYSTEM32\dhcpcsvc.DLL
0x00007ffea3f40000 - 0x00007ffea400b000 	C:\Windows\SYSTEM32\DNSAPI.dll
0x00007ffe9afc0000 - 0x00007ffe9afcb000 	C:\Windows\SYSTEM32\WINNSI.DLL

VM Arguments:
jvm_args: -Xmx64m -Xms64m -Dorg.gradle.appname=gradlew 
java_command: org.gradle.wrapper.GradleWrapperMain app:installDebug -PreactNativeDevServerPort=8081
java_class_path (initial): D:\project_work\project\android\\gradle\wrapper\gradle-wrapper.jar
Launcher Type: SUN_STANDARD

Environment Variables:
JAVA_HOME=C:\Program Files\Java\jdk1.8.0_211
CLASSPATH=D:\project_work\project\android\\gradle\wrapper\gradle-wrapper.jar
PATH=D:\project_work\project\android\node_modules\.bin;D:\project_work\project\node_modules\.bin;D:\project_work\node_modules\.bin;D:\node_modules\.bin;C:\Program Files\nodejs;D:\project_work\project\node_modules\.bin;C:\Program Files (x86)\Common Files\Oracle\Java\javapath;C:\Windows\system32;C:\Windows;C:\Windows\System32\Wbem;C:\Windows\System32\WindowsPowerShell\v1.0\;C:\Windows\System32\OpenSSH\;C:\Program Files\Java\jdk1.8.0_211\bin;C:\Program Files\Microsoft SQL Server\120\Tools\Binn\;C:\Program Files\Microsoft SQL Server\Client SDK\ODBC\110\Tools\Binn\;C:\Program Files (x86)\Microsoft SQL Server\120\Tools\Binn\;C:\Program Files\Microsoft SQL Server\120\DTS\Binn\;C:\Program Files (x86)\Microsoft SQL Server\120\Tools\Binn\ManagementStudio\;C:\Program Files (x86)\Microsoft SQL Server\120\DTS\Binn\;%ANDROID_HOME%;C:\Program Files (x86)\Yarn\bin\;C:\ProgramData\chocolatey\bin;C:\Program Files\nodejs\;C:\Program Files\Java\jdk1.8.0_211\bin;C:\Program Files\Git\cmd;C:\Program Files\Microsoft SQL Server\130\Tools\Binn\;C:\Program Files (x86)\Windows Kits\8.1\Windows Performance Toolkit\;C:\Program Files\MySQL\MySQL Shell 8.0\bin\;C:\Users\vuong\AppData\Local\Programs\Python\Python38-32\Scripts\;C:\Users\vuong\AppData\Local\Programs\Python\Python38-32\;C:\Users\vuong\AppData\Local\Microsoft\WindowsApps;C:\Users\vuong\AppData\Local\Programs\Microsoft VS Code\bin;C:\Users\vuong\AppData\Local\Android\Sdk\platform-tools;C:\Users\vuong\AppData\Local\Yarn\bin;C:\Users\vuong\AppData\Roaming\npm;C:\Program Files (x86)\Dev-Cpp\MinGW64\bin\g++;;G:\PyCharm 2020.2.3\bin;;C:\Program Files\JetBrains\PyCharm Community Edition 2020.2.4\bin;
USERNAME=vuong
OS=Windows_NT
PROCESSOR_IDENTIFIER=Intel64 Family 6 Model 142 Stepping 9, GenuineIntel



---------------  S Y S T E M  ---------------

OS: Windows 10.0 , 64 bit Build 18362 (10.0.18362.1350)

CPU:total 4 (initial active 4) (2 cores per cpu, 2 threads per core) family 6 model 142 stepping 9, cmov, cx8, fxsr, mmx, sse, sse2, sse3, ssse3, sse4.1, sse4.2, popcnt, avx, avx2, aes, clmul, erms, 3dnowpref, lzcnt, ht, tsc, tscinvbit, bmi1, bmi2, adx

Memory: 4k page, physical 8251412k(468872k free), swap 21051408k(5356k free)

vm_info: Java HotSpot(TM) 64-Bit Server VM (25.211-b12) for windows-amd64 JRE (1.8.0_211-b12), built on Apr  1 2019 20:53:26 by "java_re" with MS VC++ 10.0 (VS2010)

time: Mon Apr 12 18:14:44 2021
timezone: SE Asia Standard Time
elapsed time: 3 seconds (0d 0h 0m 3s)

