#
# There is insufficient memory for the Java Runtime Environment to continue.
# Native memory allocation (malloc) failed to allocate 65552 bytes for Chunk::new
# Possible reasons:
#   The system is out of physical RAM or swap space
#   The process is running with CompressedOops enabled, and the Java Heap may be blocking the growth of the native heap
# Possible solutions:
#   Reduce memory load on the system
#   Increase physical memory or swap space
#   Check if swap backing store is full
#   Decrease Java heap size (-Xmx/-Xms)
#   Decrease number of Java threads
#   Decrease Java thread stack sizes (-Xss)
#   Set larger code cache with -XX:ReservedCodeCacheSize=
#   JVM is running with Unscaled Compressed Oops mode in which the Java heap is
#     placed in the first 4GB address space. The Java Heap base address is the
#     maximum limit for the native heap growth. Please use -XX:HeapBaseMinAddress
#     to set the Java Heap base and to place the Java Heap above 4GB virtual address.
# This output file may be truncated or incomplete.
#
#  Out of Memory Error (allocation.cpp:389), pid=9968, tid=0x00000000000034ac
#
# JRE version: Java(TM) SE Runtime Environment (8.0_211-b12) (build 1.8.0_211-b12)
# Java VM: Java HotSpot(TM) 64-Bit Server VM (25.211-b12 mixed mode windows-amd64 compressed oops)
# Failed to write core dump. Minidumps are not enabled by default on client versions of Windows
#

---------------  T H R E A D  ---------------

Current thread (0x00000000130ce800):  JavaThread "Unknown thread" [_thread_in_native, id=13484, stack(0x00000000148e0000,0x00000000149e0000)]

Stack: [0x00000000148e0000,0x00000000149e0000]
[error occurred during error reporting (printing stack bounds), id 0xc0000005]

Native frames: (J=compiled Java code, j=interpreted, Vv=VM code, C=native code)


Current CompileTask:
C2:   3883  882       4       java.io.WinNTFileSystem::normalize (143 bytes)


---------------  P R O C E S S  ---------------

Java Threads: ( => current thread )
  0x000000001592e000 JavaThread "Unknown thread" [_thread_blocked, id=1528, stack(0x00000000168b0000,0x00000000169b0000)]
  0x0000000014a09800 JavaThread "Unknown thread" [_thread_blocked, id=11776, stack(0x0000000014ee0000,0x0000000014fe0000)]
  0x00000000149e8800 JavaThread "Unknown thread" [_thread_blocked, id=5192, stack(0x0000000014de0000,0x0000000014ee0000)]
=>0x00000000130ce800 JavaThread "Unknown thread" [_thread_in_native, id=13484, stack(0x00000000148e0000,0x00000000149e0000)]
  0x0000000013081000 JavaThread "Unknown thread" [_thread_in_native, id=2216, stack(0x00000000147e0000,0x00000000148e0000)]
  0x000000001307f000 JavaThread "Attach Listener" daemon [_thread_blocked, id=1092, stack(0x00000000146e0000,0x00000000147e0000)]
  0x000000001307c000 JavaThread "Unknown thread" [_thread_blocked, id=1328, stack(0x00000000145e0000,0x00000000146e0000)]
  0x0000000002d1d000 JavaThread "Unknown thread" [_thread_blocked, id=5960, stack(0x00000000142e0000,0x00000000143e0000)]
  0x000000001306a000 JavaThread "Unknown thread" [_thread_blocked, id=9392, stack(0x00000000141e0000,0x00000000142e0000)]
  0x0000000002c22800 JavaThread "Unknown thread" [_thread_blocked, id=9008, stack(0x0000000002a30000,0x0000000002b30000)]

Other Threads:
  0x0000000013047800 VMThread [stack: 0x00000000140e0000,0x00000000141e0000] [id=11476]
  0x0000000014a2c800 WatcherThread [stack: 0x0000000014fe0000,0x00000000150e0000] [id=4800]

VM state:at safepoint (normal execution)

VM Mutex/Monitor currently owned by a thread:  ([mutex/lock_event])
[0x0000000002c1e110] Threads_lock - owner thread: 0x0000000013047800
[0x0000000002c1ea10] Heap_lock - owner thread: 0x0000000002c22800

heap address: 0x00000000fc000000, size: 64 MB, Compressed Oops mode: 32-bit
Narrow klass base: 0x0000000000000000, Narrow klass shift: 3
Compressed class space size: 1073741824 Address: 0x0000000100000000

Heap:
 PSYoungGen      total 18944K, used 0K [0x00000000feb00000, 0x0000000100000000, 0x0000000100000000)
  eden space 16384K, 0% used [0x00000000feb00000,0x00000000feb00000,0x00000000ffb00000)
  from space 2560K, 0% used [0x00000000ffd80000,0x00000000ffd80000,0x0000000100000000)
  to   space 2560K, 0% used [0x00000000ffb00000,0x00000000ffb00000,0x00000000ffd80000)
 ParOldGen       total 44032K, used 3660K [0x00000000fc000000, 0x00000000feb00000, 0x00000000feb00000)
  object space 44032K, 8% used [0x00000000fc000000,0x00000000fc393178,0x00000000feb00000)
 Metaspace       used 10168K, capacity 10406K, committed 10496K, reserved 1064960K
  class space    used 1382K, capacity 1471K, committed 1536K, reserved 1048576K

Card table byte_map: [0x00000000029b0000,0x00000000029e0000] byte_map_base: 0x00000000021d0000

Marking Bits: (ParMarkBitMap*) 0x0000000050e85ce0
 Begin Bits: [0x00000000124e0000, 0x00000000125e0000)
 End Bits:   [0x00000000125e0000, 0x00000000126e0000)

Polling page: 0x00000000011d0000

CodeCache: size=245760Kb used=3383Kb max_used=3383Kb free=242376Kb
 bounds [0x0000000002d20000, 0x0000000003070000, 0x0000000011d20000]
 total_blobs=1263 nmethods=916 adapters=260
 compilation: enabled

Compilation events (10 events):
Event: 3.826 Thread 0x00000000149e8800 nmethod 909 0x00000000030689d0 code [0x0000000003068b80, 0x00000000030690b8]
Event: 3.826 Thread 0x00000000149e8800  922       3       org.gradle.launcher.daemon.context.DefaultDaemonContext$Serializer::read (182 bytes)
Event: 3.828 Thread 0x00000000149e8800 nmethod 922 0x0000000003069290 code [0x00000000030695e0, 0x000000000306af68]
Event: 3.828 Thread 0x00000000149e8800  910       3       java.net.Inet4Address::<init> (91 bytes)
Event: 3.829 Thread 0x00000000149e8800 nmethod 910 0x000000000306bd90 code [0x000000000306bf20, 0x000000000306c5d0]
Event: 3.829 Thread 0x00000000149e8800  911       3       org.gradle.launcher.daemon.registry.DaemonRegistryContent::access$400 (4 bytes)
Event: 3.829 Thread 0x00000000149e8800 nmethod 911 0x000000000306c810 code [0x000000000306c960, 0x000000000306ca90]
Event: 3.829 Thread 0x00000000149e8800  913       3       java.util.UUID::<init> (15 bytes)
Event: 3.829 Thread 0x00000000149e8800 nmethod 913 0x000000000306cb10 code [0x000000000306cc60, 0x000000000306ce10]
Event: 3.829 Thread 0x00000000149e8800  919       3       org.gradle.launcher.daemon.registry.DaemonInfo$Serializer::read (77 bytes)

GC Heap History (4 events):
Event: 1.040 GC heap before
{Heap before GC invocations=1 (full 0):
 PSYoungGen      total 18944K, used 16384K [0x00000000feb00000, 0x0000000100000000, 0x0000000100000000)
  eden space 16384K, 100% used [0x00000000feb00000,0x00000000ffb00000,0x00000000ffb00000)
  from space 2560K, 0% used [0x00000000ffd80000,0x00000000ffd80000,0x0000000100000000)
  to   space 2560K, 0% used [0x00000000ffb00000,0x00000000ffb00000,0x00000000ffd80000)
 ParOldGen       total 44032K, used 0K [0x00000000fc000000, 0x00000000feb00000, 0x00000000feb00000)
  object space 44032K, 0% used [0x00000000fc000000,0x00000000fc000000,0x00000000feb00000)
 Metaspace       used 6285K, capacity 6494K, committed 6784K, reserved 1056768K
  class space    used 759K, capacity 845K, committed 896K, reserved 1048576K
Event: 1.044 GC heap after
Heap after GC invocations=1 (full 0):
 PSYoungGen      total 18944K, used 2549K [0x00000000feb00000, 0x0000000100000000, 0x0000000100000000)
  eden space 16384K, 0% used [0x00000000feb00000,0x00000000feb00000,0x00000000ffb00000)
  from space 2560K, 99% used [0x00000000ffb00000,0x00000000ffd7d6b8,0x00000000ffd80000)
  to   space 2560K, 0% used [0x00000000ffd80000,0x00000000ffd80000,0x0000000100000000)
 ParOldGen       total 44032K, used 55K [0x00000000fc000000, 0x00000000feb00000, 0x00000000feb00000)
  object space 44032K, 0% used [0x00000000fc000000,0x00000000fc00ddb8,0x00000000feb00000)
 Metaspace       used 6285K, capacity 6494K, committed 6784K, reserved 1056768K
  class space    used 759K, capacity 845K, committed 896K, reserved 1048576K
}
Event: 1.464 GC heap before
{Heap before GC invocations=2 (full 0):
 PSYoungGen      total 18944K, used 18933K [0x00000000feb00000, 0x0000000100000000, 0x0000000100000000)
  eden space 16384K, 100% used [0x00000000feb00000,0x00000000ffb00000,0x00000000ffb00000)
  from space 2560K, 99% used [0x00000000ffb00000,0x00000000ffd7d6b8,0x00000000ffd80000)
  to   space 2560K, 0% used [0x00000000ffd80000,0x00000000ffd80000,0x0000000100000000)
 ParOldGen       total 44032K, used 55K [0x00000000fc000000, 0x00000000feb00000, 0x00000000feb00000)
  object space 44032K, 0% used [0x00000000fc000000,0x00000000fc00ddb8,0x00000000feb00000)
 Metaspace       used 8702K, capacity 8934K, committed 8960K, reserved 1056768K
  class space    used 1168K, capacity 1279K, committed 1280K, reserved 1048576K
Event: 1.479 GC heap after
Heap after GC invocations=2 (full 0):
 PSYoungGen      total 18944K, used 2538K [0x00000000feb00000, 0x0000000100000000, 0x0000000100000000)
  eden space 16384K, 0% used [0x00000000feb00000,0x00000000feb00000,0x00000000ffb00000)
  from space 2560K, 99% used [0x00000000ffd80000,0x00000000ffffaa70,0x0000000100000000)
  to   space 2560K, 0% used [0x00000000ffb00000,0x00000000ffb00000,0x00000000ffd80000)
 ParOldGen       total 44032K, used 1427K [0x00000000fc000000, 0x00000000feb00000, 0x00000000feb00000)
  object space 44032K, 3% used [0x00000000fc000000,0x00000000fc164c40,0x00000000feb00000)
 Metaspace       used 8702K, capacity 8934K, committed 8960K, reserved 1056768K
  class space    used 1168K, capacity 1279K, committed 1280K, reserved 1048576K
}

Deoptimization events (9 events):
Event: 0.755 Thread 0x0000000002c22800 Uncommon trap: reason=unstable_if action=reinterpret pc=0x0000000002eddb78 method=java.lang.String.startsWith(Ljava/lang/String;I)Z @ 25
Event: 1.126 Thread 0x0000000002c22800 Uncommon trap: reason=unstable_if action=reinterpret pc=0x0000000002efdc40 method=java.util.regex.Matcher.reset()Ljava/util/regex/Matcher; @ 47
Event: 1.126 Thread 0x0000000002c22800 Uncommon trap: reason=class_check action=maybe_recompile pc=0x0000000002efd320 method=java.util.regex.Matcher.match(II)Z @ 86
Event: 1.126 Thread 0x0000000002c22800 Uncommon trap: reason=class_check action=maybe_recompile pc=0x0000000002efd320 method=java.util.regex.Matcher.match(II)Z @ 86
Event: 1.127 Thread 0x0000000002c22800 Uncommon trap: reason=class_check action=maybe_recompile pc=0x0000000002efd320 method=java.util.regex.Matcher.match(II)Z @ 86
Event: 1.127 Thread 0x0000000002c22800 Uncommon trap: reason=class_check action=maybe_recompile pc=0x0000000002efd320 method=java.util.regex.Matcher.match(II)Z @ 86
Event: 1.616 Thread 0x0000000002c22800 Uncommon trap: reason=unstable_if action=reinterpret pc=0x0000000002fbaeb8 method=java.util.HashMap.getNode(ILjava/lang/Object;)Ljava/util/HashMap$Node; @ 129
Event: 1.616 Thread 0x0000000002c22800 Uncommon trap: reason=bimorphic action=maybe_recompile pc=0x0000000002f81cbc method=java.util.HashMap.putVal(ILjava/lang/Object;Ljava/lang/Object;ZZ)Ljava/lang/Object; @ 203
Event: 3.812 Thread 0x0000000002c22800 Uncommon trap: reason=unstable_if action=reinterpret pc=0x000000000305f1ec method=java.io.BufferedInputStream.read()I @ 8

Classes redefined (0 events):
No events

Internal exceptions (10 events):
Event: 1.370 Thread 0x0000000002c22800 Exception <a 'java/lang/NoSuchMethodError': java.lang.Object.lambda$static$0(Lorg/gradle/internal/state/ModelObject;)Ljava/lang/String;> (0x00000000ff742bc8) thrown at [C:\re\workspace\8-2-build-windows-amd64-cygwin\jdk8u211\12973\hotspot\src\share\vm\int
Event: 1.530 Thread 0x0000000002c22800 Exception <a 'java/lang/ArrayIndexOutOfBoundsException'> (0x00000000fecc8c00) thrown at [C:\re\workspace\8-2-build-windows-amd64-cygwin\jdk8u211\12973\hotspot\src\share\vm\runtime\sharedRuntime.cpp, line 605]
Event: 1.531 Thread 0x0000000002c22800 Exception <a 'java/lang/ArrayIndexOutOfBoundsException'> (0x00000000feccd038) thrown at [C:\re\workspace\8-2-build-windows-amd64-cygwin\jdk8u211\12973\hotspot\src\share\vm\runtime\sharedRuntime.cpp, line 605]
Event: 1.537 Thread 0x0000000002c22800 Exception <a 'java/lang/ArrayIndexOutOfBoundsException'> (0x00000000fed3c628) thrown at [C:\re\workspace\8-2-build-windows-amd64-cygwin\jdk8u211\12973\hotspot\src\share\vm\runtime\sharedRuntime.cpp, line 605]
Event: 1.538 Thread 0x0000000002c22800 Exception <a 'java/lang/ArrayIndexOutOfBoundsException'> (0x00000000fed3d870) thrown at [C:\re\workspace\8-2-build-windows-amd64-cygwin\jdk8u211\12973\hotspot\src\share\vm\runtime\sharedRuntime.cpp, line 605]
Event: 1.538 Thread 0x0000000002c22800 Exception <a 'java/lang/ArrayIndexOutOfBoundsException'> (0x00000000fed3ef48) thrown at [C:\re\workspace\8-2-build-windows-amd64-cygwin\jdk8u211\12973\hotspot\src\share\vm\runtime\sharedRuntime.cpp, line 605]
Event: 1.538 Thread 0x0000000002c22800 Exception <a 'java/lang/ArrayIndexOutOfBoundsException'> (0x00000000fed41848) thrown at [C:\re\workspace\8-2-build-windows-amd64-cygwin\jdk8u211\12973\hotspot\src\share\vm\runtime\sharedRuntime.cpp, line 605]
Event: 1.538 Thread 0x0000000002c22800 Exception <a 'java/lang/ArrayIndexOutOfBoundsException'> (0x00000000fed42dc0) thrown at [C:\re\workspace\8-2-build-windows-amd64-cygwin\jdk8u211\12973\hotspot\src\share\vm\runtime\sharedRuntime.cpp, line 605]
Event: 1.538 Thread 0x0000000002c22800 Exception <a 'java/lang/ArrayIndexOutOfBoundsException'> (0x00000000fed46508) thrown at [C:\re\workspace\8-2-build-windows-amd64-cygwin\jdk8u211\12973\hotspot\src\share\vm\runtime\sharedRuntime.cpp, line 605]
Event: 1.539 Thread 0x0000000002c22800 Exception <a 'java/lang/ArrayIndexOutOfBoundsException'> (0x00000000fed49240) thrown at [C:\re\workspace\8-2-build-windows-amd64-cygwin\jdk8u211\12973\hotspot\src\share\vm\runtime\sharedRuntime.cpp, line 605]

Events (10 events):
Event: 3.817 loading class org/gradle/cache/internal/DefaultFileLockManager$DefaultFileLock$1
Event: 3.817 loading class org/gradle/cache/internal/DefaultFileLockManager$DefaultFileLock$1 done
Event: 3.818 loading class org/gradle/cache/internal/DefaultFileLockManager$DefaultFileLock$2
Event: 3.818 loading class org/gradle/cache/internal/DefaultFileLockManager$DefaultFileLock$2 done
Event: 3.818 loading class org/gradle/cache/internal/DefaultFileLockManager$DefaultFileLock$3
Event: 3.818 loading class org/gradle/cache/internal/DefaultFileLockManager$DefaultFileLock$3 done
Event: 3.819 loading class org/gradle/launcher/daemon/client/DefaultDaemonConnector$1
Event: 3.819 loading class org/gradle/launcher/daemon/client/DefaultDaemonConnector$1 done
Event: 3.820 loading class org/gradle/internal/Pair
Event: 3.820 loading class org/gradle/internal/Pair done


Dynamic libraries:
0x00007ff645410000 - 0x00007ff645447000 	C:\Program Files\Java\jdk1.8.0_211\bin\java.exe
0x00007fff76b40000 - 0x00007fff76d30000 	C:\Windows\SYSTEM32\ntdll.dll
0x00007fff752b0000 - 0x00007fff75362000 	C:\Windows\System32\KERNEL32.DLL
0x00007fff73bf0000 - 0x00007fff73e95000 	C:\Windows\System32\KERNELBASE.dll
0x00007fff75460000 - 0x00007fff75503000 	C:\Windows\System32\ADVAPI32.dll
0x00007fff75790000 - 0x00007fff7582e000 	C:\Windows\System32\msvcrt.dll
0x00007fff74ed0000 - 0x00007fff74f67000 	C:\Windows\System32\sechost.dll
0x00007fff75930000 - 0x00007fff75a4f000 	C:\Windows\System32\RPCRT4.dll
0x00007fff76960000 - 0x00007fff76af4000 	C:\Windows\System32\USER32.dll
0x00007fff73bc0000 - 0x00007fff73be1000 	C:\Windows\System32\win32u.dll
0x00007fff76340000 - 0x00007fff76366000 	C:\Windows\System32\GDI32.dll
0x00007fff74810000 - 0x00007fff749a8000 	C:\Windows\System32\gdi32full.dll
0x00007fff74ab0000 - 0x00007fff74b4e000 	C:\Windows\System32\msvcp_win.dll
0x00007fff749b0000 - 0x00007fff74aaa000 	C:\Windows\System32\ucrtbase.dll
0x00007fff5eda0000 - 0x00007fff5f024000 	C:\Windows\WinSxS\amd64_microsoft.windows.common-controls_6595b64144ccf1df_6.0.18362.1440_none_9e7dbfb9e45e8e67\COMCTL32.dll
0x00007fff74f70000 - 0x00007fff752a6000 	C:\Windows\System32\combase.dll
0x00007fff74780000 - 0x00007fff74801000 	C:\Windows\System32\bcryptPrimitives.dll
0x00007fff75c10000 - 0x00007fff75c3e000 	C:\Windows\System32\IMM32.DLL
0x0000000050f10000 - 0x0000000050fe2000 	C:\Program Files\Java\jdk1.8.0_211\jre\bin\msvcr100.dll
0x0000000050660000 - 0x0000000050f05000 	C:\Program Files\Java\jdk1.8.0_211\jre\bin\server\jvm.dll
0x00007fff75780000 - 0x00007fff75788000 	C:\Windows\System32\PSAPI.DLL
0x00007fff5cb90000 - 0x00007fff5cb99000 	C:\Windows\SYSTEM32\WSOCK32.dll
0x00007fff75830000 - 0x00007fff7589f000 	C:\Windows\System32\WS2_32.dll
0x00007fff6ff60000 - 0x00007fff6ff84000 	C:\Windows\SYSTEM32\WINMM.dll
0x00007fff724d0000 - 0x00007fff724da000 	C:\Windows\SYSTEM32\VERSION.dll
0x00007fff6ff30000 - 0x00007fff6ff5d000 	C:\Windows\SYSTEM32\WINMMBASE.dll
0x00007fff74b50000 - 0x00007fff74b9a000 	C:\Windows\System32\cfgmgr32.dll
0x00007fff6cc40000 - 0x00007fff6cc4f000 	C:\Program Files\Java\jdk1.8.0_211\jre\bin\verify.dll
0x00007fff6c7c0000 - 0x00007fff6c7e9000 	C:\Program Files\Java\jdk1.8.0_211\jre\bin\java.dll
0x00007fff6c7a0000 - 0x00007fff6c7b6000 	C:\Program Files\Java\jdk1.8.0_211\jre\bin\zip.dll
0x00007fff75c50000 - 0x00007fff76338000 	C:\Windows\System32\SHELL32.dll
0x00007fff767e0000 - 0x00007fff76887000 	C:\Windows\System32\shcore.dll
0x00007fff74000000 - 0x00007fff7477b000 	C:\Windows\System32\windows.storage.dll
0x00007fff73a90000 - 0x00007fff73aae000 	C:\Windows\System32\profapi.dll
0x00007fff73a20000 - 0x00007fff73a6a000 	C:\Windows\System32\powrprof.dll
0x00007fff739f0000 - 0x00007fff73a00000 	C:\Windows\System32\UMPDC.dll
0x00007fff74cc0000 - 0x00007fff74d12000 	C:\Windows\System32\shlwapi.dll
0x00007fff73a70000 - 0x00007fff73a81000 	C:\Windows\System32\kernel.appcore.dll
0x00007fff74bd0000 - 0x00007fff74be7000 	C:\Windows\System32\cryptsp.dll
0x00007fff6c780000 - 0x00007fff6c79a000 	C:\Program Files\Java\jdk1.8.0_211\jre\bin\net.dll
0x00007fff623a0000 - 0x00007fff62577000 	C:\Windows\SYSTEM32\urlmon.dll
0x00007fff62810000 - 0x00007fff62ab7000 	C:\Windows\SYSTEM32\iertutil.dll
0x00007fff73400000 - 0x00007fff7340c000 	C:\Windows\SYSTEM32\CRYPTBASE.DLL
0x00007fff73230000 - 0x00007fff73297000 	C:\Windows\system32\mswsock.dll
0x00007fff6c760000 - 0x00007fff6c772000 	C:\Program Files\Java\jdk1.8.0_211\jre\bin\nio.dll
0x00007fff2f760000 - 0x00007fff2f786000 	C:\Users\vuong\.gradle\native\fdc75f09e3144964f2cf3f50f0aa648679c211496f362492102eb8c894070792\windows-amd64\native-platform.dll
0x00007fff1a670000 - 0x00007fff1a801000 	C:\Users\vuong\.gradle\native\12488b8bf47d2d4c9fbf2f6322a914ad602e24e48041cd04a747c6da556b65c4\windows-amd64\native-platform-file-events.dll
0x00007fff6cda0000 - 0x00007fff6cdaa000 	C:\Users\vuong\.gradle\native\jansi\1.18\windows64\jansi.dll
0x00007fff6bd10000 - 0x00007fff6bd1d000 	C:\Program Files\Java\jdk1.8.0_211\jre\bin\management.dll
0x00007fff72db0000 - 0x00007fff72de3000 	C:\Windows\system32\rsaenh.dll
0x00007fff74ba0000 - 0x00007fff74bc6000 	C:\Windows\System32\bcrypt.dll
0x00007fff73910000 - 0x00007fff73935000 	C:\Windows\SYSTEM32\USERENV.dll
0x00007fff72f40000 - 0x00007fff72f7a000 	C:\Windows\SYSTEM32\IPHLPAPI.DLL
0x00007fff75c40000 - 0x00007fff75c48000 	C:\Windows\System32\NSI.dll
0x00007fff6a630000 - 0x00007fff6a646000 	C:\Windows\SYSTEM32\dhcpcsvc6.DLL
0x00007fff6a610000 - 0x00007fff6a62c000 	C:\Windows\SYSTEM32\dhcpcsvc.DLL
0x00007fff72f80000 - 0x00007fff7304b000 	C:\Windows\SYSTEM32\DNSAPI.dll
0x00007fff6bce0000 - 0x00007fff6bceb000 	C:\Windows\SYSTEM32\WINNSI.DLL

VM Arguments:
jvm_args: -Xmx64m -Xms64m -Dorg.gradle.appname=gradlew 
java_command: org.gradle.wrapper.GradleWrapperMain app:installDebug -PreactNativeDevServerPort=8081
java_class_path (initial): D:\project_work\project\android\\gradle\wrapper\gradle-wrapper.jar
Launcher Type: SUN_STANDARD

Environment Variables:
JAVA_HOME=C:\Program Files\Java\jdk1.8.0_211
CLASSPATH=D:\project_work\project\android\\gradle\wrapper\gradle-wrapper.jar
PATH=D:\project_work\project\android\node_modules\.bin;D:\project_work\project\node_modules\.bin;D:\project_work\node_modules\.bin;D:\node_modules\.bin;C:\Program Files\nodejs;D:\project_work\project\node_modules\.bin;C:\Program Files (x86)\Common Files\Oracle\Java\javapath;C:\Windows\system32;C:\Windows;C:\Windows\System32\Wbem;C:\Windows\System32\WindowsPowerShell\v1.0\;C:\Windows\System32\OpenSSH\;C:\Program Files\Java\jdk1.8.0_211\bin;C:\Program Files\Microsoft SQL Server\120\Tools\Binn\;C:\Program Files\Microsoft SQL Server\Client SDK\ODBC\110\Tools\Binn\;C:\Program Files (x86)\Microsoft SQL Server\120\Tools\Binn\;C:\Program Files\Microsoft SQL Server\120\DTS\Binn\;C:\Program Files (x86)\Microsoft SQL Server\120\Tools\Binn\ManagementStudio\;C:\Program Files (x86)\Microsoft SQL Server\120\DTS\Binn\;%ANDROID_HOME%;C:\Program Files (x86)\Yarn\bin\;C:\ProgramData\chocolatey\bin;C:\Program Files\nodejs\;C:\Program Files\Java\jdk1.8.0_211\bin;C:\Program Files\Git\cmd;C:\Program Files\Microsoft SQL Server\130\Tools\Binn\;C:\Program Files (x86)\Windows Kits\8.1\Windows Performance Toolkit\;C:\Program Files\MySQL\MySQL Shell 8.0\bin\;C:\Users\vuong\AppData\Local\Programs\Python\Python38-32\Scripts\;C:\Users\vuong\AppData\Local\Programs\Python\Python38-32\;C:\Users\vuong\AppData\Local\Microsoft\WindowsApps;C:\Users\vuong\AppData\Local\Programs\Microsoft VS Code\bin;C:\Users\vuong\AppData\Local\Android\Sdk\platform-tools;C:\Users\vuong\AppData\Local\Yarn\bin;C:\Users\vuong\AppData\Roaming\npm;C:\Program Files (x86)\Dev-Cpp\MinGW64\bin\g++;;G:\PyCharm 2020.2.3\bin;;C:\Program Files\JetBrains\PyCharm Community Edition 2020.2.4\bin;
USERNAME=vuong
OS=Windows_NT
PROCESSOR_IDENTIFIER=Intel64 Family 6 Model 142 Stepping 9, GenuineIntel



---------------  S Y S T E M  ---------------

OS: Windows 10.0 , 64 bit Build 18362 (10.0.18362.1350)

CPU:total 4 (initial active 4) (2 cores per cpu, 2 threads per core) family 6 model 142 stepping 9, cmov, cx8, fxsr, mmx, sse, sse2, sse3, ssse3, sse4.1, sse4.2, popcnt, avx, avx2, aes, clmul, erms, 3dnowpref, lzcnt, ht, tsc, tscinvbit, bmi1, bmi2, adx

Memory: 4k page, physical 8251412k(464904k free), swap 21051408k(2828k free)

vm_info: Java HotSpot(TM) 64-Bit Server VM (25.211-b12) for windows-amd64 JRE (1.8.0_211-b12), built on Apr  1 2019 20:53:26 by "java_re" with MS VC++ 10.0 (VS2010)

time: Mon Apr 12 17:52:40 2021
timezone: SE Asia Standard Time
elapsed time: 3 seconds (0d 0h 0m 3s)

